#
# There is insufficient memory for the Java Runtime Environment to continue.
# Native memory allocation (malloc) failed to allocate 1013456 bytes for Chunk::new
# Possible reasons:
#   The system is out of physical RAM or swap space
#   The process is running with CompressedOops enabled, and the Java Heap may be blocking the growth of the native heap
# Possible solutions:
#   Reduce memory load on the system
#   Increase physical memory or swap space
#   Check if swap backing store is full
#   Decrease Java heap size (-Xmx/-Xms)
#   Decrease number of Java threads
#   Decrease Java thread stack sizes (-Xss)
#   Set larger code cache with -XX:ReservedCodeCacheSize=
#   JVM is running with Unscaled Compressed Oops mode in which the Java heap is
#     placed in the first 4GB address space. The Java Heap base address is the
#     maximum limit for the native heap growth. Please use -XX:HeapBaseMinAddress
#     to set the Java Heap base and to place the Java Heap above 4GB virtual address.
# This output file may be truncated or incomplete.
#
#  Out of Memory Error (allocation.cpp:389), pid=4260, tid=0x0000000000003070
#
# JRE version: OpenJDK Runtime Environment (8.0_212-b04) (build 1.8.0_212-release-1586-b04)
# Java VM: OpenJDK 64-Bit Server VM (25.212-b04 mixed mode windows-amd64 compressed oops)
# Failed to write core dump. Minidumps are not enabled by default on client versions of Windows
#

---------------  T H R E A D  ---------------

Current thread (0x0000000015ffb800):  JavaThread "C2 CompilerThread0" daemon [_thread_in_native, id=12400, stack(0x0000000017670000,0x0000000017770000)]

Stack: [0x0000000017670000,0x0000000017770000]
[error occurred during error reporting (printing stack bounds), id 0xc0000005]

Native frames: (J=compiled Java code, j=interpreted, Vv=VM code, C=native code)


Current CompileTask:
C2:3293726 29877   !   4       com.android.ide.common.symbols.SymbolIo$SymbolLineReader::readLines (325 bytes)


---------------  P R O C E S S  ---------------

Java Threads: ( => current thread )
  0x000000001c6cf800 JavaThread "WorkerExecutor Queue Thread 2" [_thread_blocked, id=1796, stack(0x000000002a230000,0x000000002a330000)]
  0x000000001c6c5000 JavaThread "stdout" [_thread_in_native, id=7592, stack(0x0000000029320000,0x0000000029420000)]
  0x000000001c6ca000 JavaThread "stderr" [_thread_in_native, id=5016, stack(0x0000000029220000,0x0000000029320000)]
  0x000000001c6c2800 JavaThread "pool-106-thread-1" [_thread_blocked, id=19096, stack(0x0000000029120000,0x0000000029220000)]
  0x000000001c6c8800 JavaThread "WorkerExecutor Queue" [_thread_blocked, id=18236, stack(0x0000000027c50000,0x0000000027d50000)]
  0x000000001c6c5800 JavaThread "Cache worker for execution history cache (C:\Users\Nikolin\AndroidStudioProjects\SliitFeedback\.gradle\5.6.4\executionHistory)" [_thread_blocked, id=11140, stack(0x00000000248e0000,0x00000000249e0000)]
  0x000000001c6c4000 JavaThread "Execution worker for ':' Thread 3" [_thread_blocked, id=17776, stack(0x00000000247e0000,0x00000000248e0000)]
  0x000000001c6c8000 JavaThread "Execution worker for ':' Thread 2" [_thread_blocked, id=19820, stack(0x00000000246e0000,0x00000000247e0000)]
  0x000000001c6c7000 JavaThread "Execution worker for ':'" [_thread_in_vm, id=12704, stack(0x00000000243c0000,0x00000000244c0000)]
  0x000000001c6c3800 JavaThread "Cache worker for file content cache (C:\Users\Nikolin\AndroidStudioProjects\SliitFeedback\.gradle\5.6.4\fileContent)" [_thread_blocked, id=6412, stack(0x0000000023ac0000,0x0000000023bc0000)]
  0x000000001c6c6800 JavaThread "Cache worker for Build Output Cleanup Cache (C:\Users\Nikolin\AndroidStudioProjects\SliitFeedback\.gradle\buildOutputCleanup)" [_thread_blocked, id=4944, stack(0x00000000239c0000,0x0000000023ac0000)]
  0x000000001c232800 JavaThread "pool-105-thread-1" [_thread_blocked, id=13552, stack(0x0000000023090000,0x0000000023190000)]
  0x000000001c232000 JavaThread "Build operations Thread 4" [_thread_blocked, id=19464, stack(0x0000000022ce0000,0x0000000022de0000)]
  0x000000001c231000 JavaThread "Build operations Thread 3" [_thread_blocked, id=18600, stack(0x0000000021fe0000,0x00000000220e0000)]
  0x000000001c230800 JavaThread "Build operations Thread 2" [_thread_blocked, id=10064, stack(0x0000000021ce0000,0x0000000021de0000)]
  0x000000001c22f800 JavaThread "Build operations" [_thread_blocked, id=5700, stack(0x0000000020110000,0x0000000020210000)]
  0x000000001c227000 JavaThread "Cache worker for cache directory md-rule (C:\Users\Nikolin\.gradle\caches\5.6.4\md-rule)" [_thread_blocked, id=15504, stack(0x000000001eaa0000,0x000000001eba0000)]
  0x000000001c22d800 JavaThread "Cache worker for cache directory md-supplier (C:\Users\Nikolin\.gradle\caches\5.6.4\md-supplier)" [_thread_blocked, id=4092, stack(0x000000001df40000,0x000000001e040000)]
  0x000000001c22c800 JavaThread "Cache worker for file hash cache (C:\Users\Nikolin\AndroidStudioProjects\SliitFeedback\.gradle\5.6.4\fileHashes)" [_thread_blocked, id=11380, stack(0x000000001b8a0000,0x000000001b9a0000)]
  0x000000001c225800 JavaThread "Thread-1180" [_thread_blocked, id=3520, stack(0x000000001b7a0000,0x000000001b8a0000)]
  0x000000001c22b800 JavaThread "Stdin handler" [_thread_blocked, id=5612, stack(0x000000001b6a0000,0x000000001b7a0000)]
  0x000000001c224000 JavaThread "Asynchronous log dispatcher for DefaultDaemonConnection: socket connection from /127.0.0.1:53979 to /127.0.0.1:55202" [_thread_blocked, id=11744, stack(0x000000001b5a0000,0x000000001b6a0000)]
  0x000000001c223800 JavaThread "Cancel handler" [_thread_blocked, id=18572, stack(0x000000001b1a0000,0x000000001b2a0000)]
  0x000000001c228000 JavaThread "Handler for socket connection from /127.0.0.1:53979 to /127.0.0.1:55202" [_thread_in_native, id=19476, stack(0x000000001b0a0000,0x000000001b1a0000)]
  0x000000001c6c9800 JavaThread "Daemon worker Thread 12" [_thread_blocked, id=12708, stack(0x000000001b4a0000,0x000000001b5a0000)]
  0x000000001c6c1000 JavaThread "Daemon Thread 12" [_thread_blocked, id=7716, stack(0x0000000000b90000,0x0000000000c90000)]
  0x000000001d29d800 JavaThread "Cache worker for Java compile cache (C:\Users\Nikolin\.gradle\caches\5.6.4\javaCompile)" [_thread_blocked, id=3868, stack(0x0000000027b50000,0x0000000027c50000)]
  0x000000001c22b000 JavaThread "Cache worker for file content cache (C:\Users\Nikolin\.gradle\caches\5.6.4\fileContent)" [_thread_blocked, id=9388, stack(0x0000000022f90000,0x0000000023090000)]
  0x000000001c22a000 JavaThread "Memory manager" [_thread_blocked, id=14760, stack(0x0000000022e90000,0x0000000022f90000)]
  0x00000000189f2800 JavaThread "Cache worker for execution history cache (C:\Users\Nikolin\.gradle\caches\5.6.4\executionHistory)" [_thread_blocked, id=19992, stack(0x0000000020010000,0x0000000020110000)]
  0x00000000189f6000 JavaThread "Cache worker for journal cache (C:\Users\Nikolin\.gradle\caches\journal-1)" [_thread_blocked, id=15592, stack(0x000000001bda0000,0x000000001bea0000)]
  0x00000000189f5800 JavaThread "File lock request listener" [_thread_in_native, id=15092, stack(0x000000001bca0000,0x000000001bda0000)]
  0x00000000189d1000 JavaThread "Cache worker for file hash cache (C:\Users\Nikolin\.gradle\caches\5.6.4\fileHashes)" [_thread_blocked, id=10420, stack(0x000000001bba0000,0x000000001bca0000)]
  0x0000000017a28000 JavaThread "Daemon periodic checks" [_thread_blocked, id=13480, stack(0x000000001afa0000,0x000000001b0a0000)]
  0x0000000017bf9800 JavaThread "Incoming local TCP Connector on port 53979" [_thread_in_native, id=12900, stack(0x000000001ad60000,0x000000001ae60000)]
  0x0000000019665000 JavaThread "Daemon health stats" [_thread_blocked, id=9740, stack(0x0000000019740000,0x0000000019840000)]
  0x000000001605e800 JavaThread "Service Thread" daemon [_thread_blocked, id=12316, stack(0x0000000017d70000,0x0000000017e70000)]
  0x0000000016013000 JavaThread "C1 CompilerThread2" daemon [_thread_blocked, id=17084, stack(0x0000000017870000,0x0000000017970000)]
  0x0000000016000000 JavaThread "C2 CompilerThread1" daemon [_thread_blocked, id=17764, stack(0x0000000017770000,0x0000000017870000)]
=>0x0000000015ffb800 JavaThread "C2 CompilerThread0" daemon [_thread_in_native, id=12400, stack(0x0000000017670000,0x0000000017770000)]
  0x0000000015ff9000 JavaThread "Attach Listener" daemon [_thread_blocked, id=6056, stack(0x0000000017570000,0x0000000017670000)]
  0x0000000016007000 JavaThread "Signal Dispatcher" daemon [_thread_blocked, id=4076, stack(0x0000000017470000,0x0000000017570000)]
  0x000000000268b000 JavaThread "Finalizer" daemon [_thread_blocked, id=9656, stack(0x0000000017270000,0x0000000017370000)]
  0x0000000015fe9000 JavaThread "Reference Handler" daemon [_thread_blocked, id=16700, stack(0x0000000017170000,0x0000000017270000)]
  0x0000000000d9e800 JavaThread "main" [_thread_blocked, id=17472, stack(0x0000000000c90000,0x0000000000d90000)]

Other Threads:
  0x0000000015fc6000 VMThread [stack: 0x0000000017070000,0x0000000017170000] [id=17924]
  0x00000000179a8800 WatcherThread [stack: 0x0000000017e70000,0x0000000017f70000] [id=11652]

VM state:not at safepoint (normal execution)

VM Mutex/Monitor currently owned by a thread: None

OutOfMemory and StackOverflow Exception counts:
OutOfMemoryError java_heap_errors=1

heap address: 0x00000000a0000000, size: 1536 MB, Compressed Oops mode: 32-bit
Narrow klass base: 0x0000000000000000, Narrow klass shift: 3
Compressed class space size: 1073741824 Address: 0x0000000100000000

Heap:
 PSYoungGen      total 402944K, used 260417K [0x00000000e0000000, 0x00000000fc300000, 0x0000000100000000)
  eden space 350720K, 64% used [0x00000000e0000000,0x00000000edd38010,0x00000000f5680000)
  from space 52224K, 64% used [0x00000000f8b80000,0x00000000fac987e0,0x00000000fbe80000)
  to   space 54272K, 0% used [0x00000000f5680000,0x00000000f5680000,0x00000000f8b80000)
 ParOldGen       total 351232K, used 177775K [0x00000000a0000000, 0x00000000b5700000, 0x00000000e0000000)
  object space 351232K, 50% used [0x00000000a0000000,0x00000000aad9bf28,0x00000000b5700000)
 Metaspace       used 101462K, capacity 108870K, committed 109016K, reserved 1144832K
  class space    used 12808K, capacity 13991K, committed 14040K, reserved 1048576K

Card table byte_map: [0x0000000011a50000,0x0000000011d60000] byte_map_base: 0x0000000011550000

Marking Bits: (ParMarkBitMap*) 0x0000000067de9f30
 Begin Bits: [0x0000000012360000, 0x0000000013b60000)
 End Bits:   [0x0000000013b60000, 0x0000000015360000)

Polling page: 0x00000000007d0000

CodeCache: size=245760Kb used=81526Kb max_used=81543Kb free=164233Kb
 bounds [0x0000000002690000, 0x0000000007700000, 0x0000000011690000]
 total_blobs=23539 nmethods=22626 adapters=824
 compilation: enabled

Compilation events (10 events):
Event: 3293.494 Thread 0x0000000016013000 29881       3       com.google.common.collect.StandardTable$RowMap::<init> (10 bytes)
Event: 3293.494 Thread 0x0000000016013000 nmethod 29881 0x00000000064c2790 code [0x00000000064c2900, 0x00000000064c2b90]
Event: 3293.500 Thread 0x0000000016013000 29882       1       com.google.common.collect.SparseImmutableTable::size (6 bytes)
Event: 3293.500 Thread 0x0000000016013000 nmethod 29882 0x0000000004fa0b90 code [0x0000000004fa0ce0, 0x0000000004fa0df0]
Event: 3293.508 Thread 0x0000000016000000 nmethod 29878 0x000000000341a710 code [0x000000000341a8e0, 0x000000000341b0d8]
Event: 3293.508 Thread 0x0000000016000000 29879       4       java.util.EnumMap$EntryIterator::next (44 bytes)
Event: 3293.513 Thread 0x0000000016000000 nmethod 29879 0x0000000007455710 code [0x0000000007455860, 0x0000000007455a58]
Event: 3293.528 Thread 0x0000000016000000 29883 %     4       com.android.ide.common.symbols.SymbolTable::filter @ 90 (176 bytes)
Event: 3293.647 Thread 0x0000000016000000 nmethod 29883% 0x0000000005e76bd0 code [0x0000000005e76f20, 0x0000000005e78e50]
Event: 3293.647 Thread 0x0000000016000000 29884       4       org.objectweb.asm.SymbolTable::addConstantMemberReference (147 bytes)

GC Heap History (10 events):
Event: 2275.099 GC heap before
{Heap before GC invocations=49 (full 5):
 PSYoungGen      total 412160K, used 355784K [0x00000000e0000000, 0x00000000fd200000, 0x0000000100000000)
  eden space 344064K, 100% used [0x00000000e0000000,0x00000000f5000000,0x00000000f5000000)
  from space 68096K, 17% used [0x00000000f5000000,0x00000000f5b72338,0x00000000f9280000)
  to   space 64512K, 0% used [0x00000000f9300000,0x00000000f9300000,0x00000000fd200000)
 ParOldGen       total 351232K, used 177639K [0x00000000a0000000, 0x00000000b5700000, 0x00000000e0000000)
  object space 351232K, 50% used [0x00000000a0000000,0x00000000aad79f18,0x00000000b5700000)
 Metaspace       used 100920K, capacity 108158K, committed 108248K, reserved 1142784K
  class space    used 12803K, capacity 13957K, committed 14040K, reserved 1048576K
Event: 2275.135 GC heap after
Heap after GC invocations=49 (full 5):
 PSYoungGen      total 402432K, used 16609K [0x00000000e0000000, 0x00000000fc880000, 0x0000000100000000)
  eden space 347648K, 0% used [0x00000000e0000000,0x00000000e0000000,0x00000000f5380000)
  from space 54784K, 30% used [0x00000000f9300000,0x00000000fa3385b8,0x00000000fc880000)
  to   space 59904K, 0% used [0x00000000f5380000,0x00000000f5380000,0x00000000f8e00000)
 ParOldGen       total 351232K, used 177647K [0x00000000a0000000, 0x00000000b5700000, 0x00000000e0000000)
  object space 351232K, 50% used [0x00000000a0000000,0x00000000aad7bf18,0x00000000b5700000)
 Metaspace       used 100920K, capacity 108158K, committed 108248K, reserved 1142784K
  class space    used 12803K, capacity 13957K, committed 14040K, reserved 1048576K
}
Event: 2438.401 GC heap before
{Heap before GC invocations=50 (full 5):
 PSYoungGen      total 402432K, used 364126K [0x00000000e0000000, 0x00000000fc880000, 0x0000000100000000)
  eden space 347648K, 99% used [0x00000000e0000000,0x00000000f535f540,0x00000000f5380000)
  from space 54784K, 30% used [0x00000000f9300000,0x00000000fa3385b8,0x00000000fc880000)
  to   space 59904K, 0% used [0x00000000f5380000,0x00000000f5380000,0x00000000f8e00000)
 ParOldGen       total 351232K, used 177647K [0x00000000a0000000, 0x00000000b5700000, 0x00000000e0000000)
  object space 351232K, 50% used [0x00000000a0000000,0x00000000aad7bf18,0x00000000b5700000)
 Metaspace       used 101007K, capacity 108158K, committed 108248K, reserved 1142784K
  class space    used 12803K, capacity 13957K, committed 14040K, reserved 1048576K
Event: 2438.444 GC heap after
Heap after GC invocations=50 (full 5):
 PSYoungGen      total 407552K, used 26304K [0x00000000e0000000, 0x00000000fc980000, 0x0000000100000000)
  eden space 347648K, 0% used [0x00000000e0000000,0x00000000e0000000,0x00000000f5380000)
  from space 59904K, 43% used [0x00000000f5380000,0x00000000f6d30390,0x00000000f8e00000)
  to   space 58880K, 0% used [0x00000000f9000000,0x00000000f9000000,0x00000000fc980000)
 ParOldGen       total 351232K, used 177647K [0x00000000a0000000, 0x00000000b5700000, 0x00000000e0000000)
  object space 351232K, 50% used [0x00000000a0000000,0x00000000aad7bf18,0x00000000b5700000)
 Metaspace       used 101007K, capacity 108158K, committed 108248K, reserved 1142784K
  class space    used 12803K, capacity 13957K, committed 14040K, reserved 1048576K
}
Event: 2802.062 GC heap before
{Heap before GC invocations=51 (full 5):
 PSYoungGen      total 407552K, used 373952K [0x00000000e0000000, 0x00000000fc980000, 0x0000000100000000)
  eden space 347648K, 100% used [0x00000000e0000000,0x00000000f5380000,0x00000000f5380000)
  from space 59904K, 43% used [0x00000000f5380000,0x00000000f6d30390,0x00000000f8e00000)
  to   space 58880K, 0% used [0x00000000f9000000,0x00000000f9000000,0x00000000fc980000)
 ParOldGen       total 351232K, used 177647K [0x00000000a0000000, 0x00000000b5700000, 0x00000000e0000000)
  object space 351232K, 50% used [0x00000000a0000000,0x00000000aad7bf18,0x00000000b5700000)
 Metaspace       used 101180K, capacity 108486K, committed 108760K, reserved 1144832K
  class space    used 12804K, capacity 13957K, committed 14040K, reserved 1048576K
Event: 2802.084 GC heap after
Heap after GC invocations=51 (full 5):
 PSYoungGen      total 402432K, used 14424K [0x00000000e0000000, 0x00000000fc300000, 0x0000000100000000)
  eden space 350208K, 0% used [0x00000000e0000000,0x00000000e0000000,0x00000000f5600000)
  from space 52224K, 27% used [0x00000000f9000000,0x00000000f9e163b0,0x00000000fc300000)
  to   space 55808K, 0% used [0x00000000f5600000,0x00000000f5600000,0x00000000f8c80000)
 ParOldGen       total 351232K, used 177687K [0x00000000a0000000, 0x00000000b5700000, 0x00000000e0000000)
  object space 351232K, 50% used [0x00000000a0000000,0x00000000aad85f18,0x00000000b5700000)
 Metaspace       used 101180K, capacity 108486K, committed 108760K, reserved 1144832K
  class space    used 12804K, capacity 13957K, committed 14040K, reserved 1048576K
}
Event: 2875.863 GC heap before
{Heap before GC invocations=52 (full 5):
 PSYoungGen      total 402432K, used 364632K [0x00000000e0000000, 0x00000000fc300000, 0x0000000100000000)
  eden space 350208K, 100% used [0x00000000e0000000,0x00000000f5600000,0x00000000f5600000)
  from space 52224K, 27% used [0x00000000f9000000,0x00000000f9e163b0,0x00000000fc300000)
  to   space 55808K, 0% used [0x00000000f5600000,0x00000000f5600000,0x00000000f8c80000)
 ParOldGen       total 351232K, used 177687K [0x00000000a0000000, 0x00000000b5700000, 0x00000000e0000000)
  object space 351232K, 50% used [0x00000000a0000000,0x00000000aad85f18,0x00000000b5700000)
 Metaspace       used 101341K, capacity 108572K, committed 108760K, reserved 1144832K
  class space    used 12805K, capacity 13958K, committed 14040K, reserved 1048576K
Event: 2875.881 GC heap after
Heap after GC invocations=52 (full 5):
 PSYoungGen      total 368640K, used 18017K [0x00000000e0000000, 0x00000000fbe80000, 0x0000000100000000)
  eden space 350208K, 0% used [0x00000000e0000000,0x00000000e0000000,0x00000000f5600000)
  from space 18432K, 97% used [0x00000000f5600000,0x00000000f6798550,0x00000000f6800000)
  to   space 52224K, 0% used [0x00000000f8b80000,0x00000000f8b80000,0x00000000fbe80000)
 ParOldGen       total 351232K, used 177727K [0x00000000a0000000, 0x00000000b5700000, 0x00000000e0000000)
  object space 351232K, 50% used [0x00000000a0000000,0x00000000aad8ff18,0x00000000b5700000)
 Metaspace       used 101341K, capacity 108572K, committed 108760K, reserved 1144832K
  class space    used 12805K, capacity 13958K, committed 14040K, reserved 1048576K
}
Event: 3244.287 GC heap before
{Heap before GC invocations=53 (full 5):
 PSYoungGen      total 368640K, used 368225K [0x00000000e0000000, 0x00000000fbe80000, 0x0000000100000000)
  eden space 350208K, 100% used [0x00000000e0000000,0x00000000f5600000,0x00000000f5600000)
  from space 18432K, 97% used [0x00000000f5600000,0x00000000f6798550,0x00000000f6800000)
  to   space 52224K, 0% used [0x00000000f8b80000,0x00000000f8b80000,0x00000000fbe80000)
 ParOldGen       total 351232K, used 177727K [0x00000000a0000000, 0x00000000b5700000, 0x00000000e0000000)
  object space 351232K, 50% used [0x00000000a0000000,0x00000000aad8ff18,0x00000000b5700000)
 Metaspace       used 101398K, capacity 108710K, committed 109016K, reserved 1144832K
  class space    used 12806K, capacity 13959K, committed 14040K, reserved 1048576K
Event: 3244.578 GC heap after
Heap after GC invocations=53 (full 5):
 PSYoungGen      total 402944K, used 33889K [0x00000000e0000000, 0x00000000fc300000, 0x0000000100000000)
  eden space 350720K, 0% used [0x00000000e0000000,0x00000000e0000000,0x00000000f5680000)
  from space 52224K, 64% used [0x00000000f8b80000,0x00000000fac987e0,0x00000000fbe80000)
  to   space 54272K, 0% used [0x00000000f5680000,0x00000000f5680000,0x00000000f8b80000)
 ParOldGen       total 351232K, used 177775K [0x00000000a0000000, 0x00000000b5700000, 0x00000000e0000000)
  object space 351232K, 50% used [0x00000000a0000000,0x00000000aad9bf28,0x00000000b5700000)
 Metaspace       used 101398K, capacity 108710K, committed 109016K, reserved 1144832K
  class space    used 12806K, capacity 13959K, committed 14040K, reserved 1048576K
}

Deoptimization events (10 events):
Event: 2802.576 Thread 0x000000001c6c3800 Uncommon trap: reason=class_check action=maybe_recompile pc=0x0000000004e78b10 method=com.sun.org.apache.xerces.internal.dom.AttrImpl.getOwnerElement()Lorg/w3c/dom/Element; @ 18
Event: 2802.576 Thread 0x000000001c6c3800 Uncommon trap: reason=class_check action=maybe_recompile pc=0x0000000004e78b10 method=com.sun.org.apache.xerces.internal.dom.AttrImpl.getOwnerElement()Lorg/w3c/dom/Element; @ 18
Event: 2802.576 Thread 0x000000001c6c3800 Uncommon trap: reason=class_check action=maybe_recompile pc=0x0000000004e78b10 method=com.sun.org.apache.xerces.internal.dom.AttrImpl.getOwnerElement()Lorg/w3c/dom/Element; @ 18
Event: 2804.658 Thread 0x000000001c6c1000 Uncommon trap: reason=unstable_if action=reinterpret pc=0x00000000064c5b9c method=java.util.concurrent.locks.AbstractQueuedSynchronizer$ConditionObject.awaitNanos(J)J @ 115
Event: 2875.926 Thread 0x000000001c223800 Uncommon trap: reason=class_check action=maybe_recompile pc=0x0000000005a50434 method=java.util.stream.FindOps$FindOp.evaluateSequential(Ljava/util/stream/PipelineHelper;Ljava/util/Spliterator;)Ljava/lang/Object; @ 14
Event: 2903.428 Thread 0x000000001c6c3800 Uncommon trap: reason=unstable_if action=reinterpret pc=0x00000000067d802c method=java.util.concurrent.locks.AbstractQueuedSynchronizer.hasQueuedPredecessors()Z @ 21
Event: 2903.428 Thread 0x000000001c6c2800 Uncommon trap: reason=unstable_if action=reinterpret pc=0x00000000067d802c method=java.util.concurrent.locks.AbstractQueuedSynchronizer.hasQueuedPredecessors()Z @ 21
Event: 2905.015 Thread 0x000000001c6cb800 Uncommon trap: reason=class_check action=maybe_recompile pc=0x0000000005a50434 method=java.util.stream.FindOps$FindOp.evaluateSequential(Ljava/util/stream/PipelineHelper;Ljava/util/Spliterator;)Ljava/lang/Object; @ 14
Event: 3293.635 Thread 0x000000001c6c8800 Uncommon trap: reason=unstable_if action=reinterpret pc=0x00000000053ca6f8 method=org.gradle.internal.operations.DefaultBuildOperationExecutor$3.stop()V @ 61
Event: 3293.661 Thread 0x000000001c6c7000 Uncommon trap: reason=class_check action=maybe_recompile pc=0x0000000002ca2600 method=java.lang.Throwable.<init>(Ljava/lang/String;Ljava/lang/Throwable;)V @ 24

Classes redefined (0 events):
No events

Internal exceptions (10 events):
Event: 2905.028 Thread 0x000000001c6c8800 Exception <a 'sun/nio/fs/WindowsException'> (0x00000000eb5b6e60) thrown at [D:\src\AOSP-openjdk-cygwin\jdk8u\hotspot\src\share\vm\prims\jni.cpp, line 710]
Event: 2905.325 Thread 0x000000001c6c1000 Exception <a 'sun/nio/fs/WindowsException'> (0x00000000ecef63b0) thrown at [D:\src\AOSP-openjdk-cygwin\jdk8u\hotspot\src\share\vm\prims\jni.cpp, line 710]
Event: 3243.053 Thread 0x000000001c6c9800 Exception <a 'sun/nio/fs/WindowsException'> (0x00000000ede27308) thrown at [D:\src\AOSP-openjdk-cygwin\jdk8u\hotspot\src\share\vm\prims\jni.cpp, line 710]
Event: 3245.811 Thread 0x000000001c22b800 Exception <a 'sun/nio/fs/WindowsException'> (0x00000000e186bf20) thrown at [D:\src\AOSP-openjdk-cygwin\jdk8u\hotspot\src\share\vm\prims\jni.cpp, line 710]
Event: 3245.811 Thread 0x000000001c22b800 Exception <a 'sun/nio/fs/WindowsException'> (0x00000000e186c3c8) thrown at [D:\src\AOSP-openjdk-cygwin\jdk8u\hotspot\src\share\vm\prims\jni.cpp, line 710]
Event: 3246.216 Thread 0x000000001c6c9800 Exception <a 'sun/nio/fs/WindowsException'> (0x00000000e3142880) thrown at [D:\src\AOSP-openjdk-cygwin\jdk8u\hotspot\src\share\vm\prims\jni.cpp, line 710]
Event: 3291.181 Thread 0x000000001c6c9800 Exception <a 'sun/nio/fs/WindowsException'> (0x00000000e3f54cc0) thrown at [D:\src\AOSP-openjdk-cygwin\jdk8u\hotspot\src\share\vm\prims\jni.cpp, line 710]
Event: 3293.531 Thread 0x000000001c6c8800 Exception <a 'sun/nio/fs/WindowsException'> (0x00000000ece92600) thrown at [D:\src\AOSP-openjdk-cygwin\jdk8u\hotspot\src\share\vm\prims\jni.cpp, line 710]
Event: 3293.531 Thread 0x000000001c6c8800 Exception <a 'sun/nio/fs/WindowsException'> (0x00000000ece92aa8) thrown at [D:\src\AOSP-openjdk-cygwin\jdk8u\hotspot\src\share\vm\prims\jni.cpp, line 710]
Event: 3293.619 Thread 0x000000001c6c8800 Exception <a 'java/lang/OutOfMemoryError'> (0x00000000edd1f9d8) thrown at [D:\src\AOSP-openjdk-cygwin\jdk8u\hotspot\src\share\vm\prims\jni.cpp, line 736]

Events (10 events):
Event: 3292.249 Executing VM operation: RevokeBias done
Event: 3293.482 Thread 0x000000001c6c8800 DEOPT PACKING pc=0x000000000639da8a sp=0x0000000027d4e390
Event: 3293.482 Thread 0x000000001c6c8800 DEOPT UNPACKING pc=0x00000000026d75d0 sp=0x0000000027d4e1e0 mode 0
Event: 3293.484 Thread 0x000000001c6c8800 DEOPT PACKING pc=0x0000000005bf29d4 sp=0x0000000027d4e440
Event: 3293.484 Thread 0x000000001c6c8800 DEOPT UNPACKING pc=0x00000000026d75d0 sp=0x0000000027d4e1e0 mode 0
Event: 3293.620 Thread 0x000000001c6c8800 Uncommon trap: trap_request=0xffffff65 fr.pc=0x00000000053ca6f8
Event: 3293.635 Thread 0x000000001c6c8800 DEOPT PACKING pc=0x00000000053ca6f8 sp=0x0000000027d4ed40
Event: 3293.635 Thread 0x000000001c6c8800 DEOPT UNPACKING pc=0x00000000026d557b sp=0x0000000027d4ec30 mode 2
Event: 3293.661 Thread 0x000000001c6c7000 Uncommon trap: trap_request=0xffffffde fr.pc=0x0000000002ca2600
Event: 3293.661 Thread 0x000000001c6c7000 DEOPT PACKING pc=0x0000000002ca2600 sp=0x00000000244bc780


Dynamic libraries:
0x00007ff696ea0000 - 0x00007ff696ed1000 	C:\Program Files\Android\Android Studio\jre\bin\java.exe
0x00007ffc375c0000 - 0x00007ffc377b0000 	C:\WINDOWS\SYSTEM32\ntdll.dll
0x00007ffc36cd0000 - 0x00007ffc36d82000 	C:\WINDOWS\System32\KERNEL32.DLL
0x00007ffc353a0000 - 0x00007ffc35643000 	C:\WINDOWS\System32\KERNELBASE.dll
0x00007ffc35fc0000 - 0x00007ffc36063000 	C:\WINDOWS\System32\ADVAPI32.dll
0x00007ffc362d0000 - 0x00007ffc3636e000 	C:\WINDOWS\System32\msvcrt.dll
0x00007ffc36c30000 - 0x00007ffc36cc7000 	C:\WINDOWS\System32\sechost.dll
0x00007ffc35670000 - 0x00007ffc35790000 	C:\WINDOWS\System32\RPCRT4.dll
0x00007ffc36130000 - 0x00007ffc362c4000 	C:\WINDOWS\System32\USER32.dll
0x00007ffc345f0000 - 0x00007ffc34611000 	C:\WINDOWS\System32\win32u.dll
0x00007ffc363e0000 - 0x00007ffc36406000 	C:\WINDOWS\System32\GDI32.dll
0x00007ffc34620000 - 0x00007ffc347b4000 	C:\WINDOWS\System32\gdi32full.dll
0x00007ffc34550000 - 0x00007ffc345ee000 	C:\WINDOWS\System32\msvcp_win.dll
0x00007ffc35040000 - 0x00007ffc3513a000 	C:\WINDOWS\System32\ucrtbase.dll
0x00007ffc19610000 - 0x00007ffc19895000 	C:\WINDOWS\WinSxS\amd64_microsoft.windows.common-controls_6595b64144ccf1df_6.0.18362.720_none_e6beb5c51314836b\COMCTL32.dll
0x00007ffc37240000 - 0x00007ffc37576000 	C:\WINDOWS\System32\combase.dll
0x00007ffc351d0000 - 0x00007ffc35250000 	C:\WINDOWS\System32\bcryptPrimitives.dll
0x00007ffc360f0000 - 0x00007ffc3611e000 	C:\WINDOWS\System32\IMM32.DLL
0x0000000067540000 - 0x0000000067612000 	C:\Program Files\Android\Android Studio\jre\jre\bin\msvcr100.dll
0x0000000067620000 - 0x0000000067e66000 	C:\Program Files\Android\Android Studio\jre\jre\bin\server\jvm.dll
0x00007ffc36120000 - 0x00007ffc36128000 	C:\WINDOWS\System32\PSAPI.DLL
0x00007ffc291b0000 - 0x00007ffc291ba000 	C:\WINDOWS\SYSTEM32\VERSION.dll
0x00007ffc31270000 - 0x00007ffc31294000 	C:\WINDOWS\SYSTEM32\WINMM.dll
0x00007ffc06d70000 - 0x00007ffc06d79000 	C:\WINDOWS\SYSTEM32\WSOCK32.dll
0x00007ffc35f50000 - 0x00007ffc35fbf000 	C:\WINDOWS\System32\WS2_32.dll
0x00007ffc31240000 - 0x00007ffc3126d000 	C:\WINDOWS\SYSTEM32\winmmbase.dll
0x00007ffc347c0000 - 0x00007ffc3480a000 	C:\WINDOWS\System32\cfgmgr32.dll
0x00007ffc2af90000 - 0x00007ffc2af9f000 	C:\Program Files\Android\Android Studio\jre\jre\bin\verify.dll
0x00007ffc08890000 - 0x00007ffc088b9000 	C:\Program Files\Android\Android Studio\jre\jre\bin\java.dll
0x00007ffc0e040000 - 0x00007ffc0e056000 	C:\Program Files\Android\Android Studio\jre\jre\bin\zip.dll
0x00007ffc35790000 - 0x00007ffc35e75000 	C:\WINDOWS\System32\SHELL32.dll
0x00007ffc36b80000 - 0x00007ffc36c29000 	C:\WINDOWS\System32\shcore.dll
0x00007ffc348c0000 - 0x00007ffc35040000 	C:\WINDOWS\System32\windows.storage.dll
0x00007ffc34490000 - 0x00007ffc344b3000 	C:\WINDOWS\System32\profapi.dll
0x00007ffc344e0000 - 0x00007ffc3452a000 	C:\WINDOWS\System32\powrprof.dll
0x00007ffc34480000 - 0x00007ffc34490000 	C:\WINDOWS\System32\UMPDC.dll
0x00007ffc371e0000 - 0x00007ffc37232000 	C:\WINDOWS\System32\shlwapi.dll
0x00007ffc344c0000 - 0x00007ffc344d1000 	C:\WINDOWS\System32\kernel.appcore.dll
0x00007ffc35650000 - 0x00007ffc35667000 	C:\WINDOWS\System32\cryptsp.dll
0x00007ffc08870000 - 0x00007ffc0888a000 	C:\Program Files\Android\Android Studio\jre\jre\bin\net.dll
0x00007ffc2c700000 - 0x00007ffc2c8d5000 	C:\WINDOWS\SYSTEM32\urlmon.dll
0x00007ffc2b9b0000 - 0x00007ffc2bc56000 	C:\WINDOWS\SYSTEM32\iertutil.dll
0x00007ffc33e60000 - 0x00007ffc33e6c000 	C:\WINDOWS\SYSTEM32\CRYPTBASE.DLL
0x00007ffc33c90000 - 0x00007ffc33cf7000 	C:\WINDOWS\system32\mswsock.dll
0x00007ffc08820000 - 0x00007ffc08833000 	C:\Program Files\Android\Android Studio\jre\jre\bin\nio.dll
0x00007ffc0b060000 - 0x00007ffc0b086000 	C:\Users\Nikolin\.gradle\native\30\windows-amd64\native-platform.dll
0x00007ffc2af30000 - 0x00007ffc2af3d000 	C:\Program Files\Android\Android Studio\jre\jre\bin\management.dll
0x00007ffc33800000 - 0x00007ffc33833000 	C:\WINDOWS\system32\rsaenh.dll
0x00007ffc35140000 - 0x00007ffc35166000 	C:\WINDOWS\System32\bcrypt.dll
0x00007ffc343a0000 - 0x00007ffc343c5000 	C:\WINDOWS\SYSTEM32\USERENV.dll
0x00007ffc339a0000 - 0x00007ffc339da000 	C:\WINDOWS\SYSTEM32\IPHLPAPI.DLL
0x00007ffc37000000 - 0x00007ffc37008000 	C:\WINDOWS\System32\NSI.dll
0x00007ffc2e5a0000 - 0x00007ffc2e5b6000 	C:\WINDOWS\SYSTEM32\dhcpcsvc6.DLL
0x00007ffc2f500000 - 0x00007ffc2f51c000 	C:\WINDOWS\SYSTEM32\dhcpcsvc.DLL
0x00007ffc339f0000 - 0x00007ffc33aba000 	C:\WINDOWS\SYSTEM32\DNSAPI.dll
0x00007ffc08780000 - 0x00007ffc087a4000 	C:\Program Files\Android\Android Studio\jre\jre\bin\sunec.dll
0x00007ffc2bf10000 - 0x00007ffc2bf1a000 	C:\Windows\System32\rasadhlp.dll
0x00007ffc2d7b0000 - 0x00007ffc2d827000 	C:\WINDOWS\System32\fwpuclnt.dll
0x00007ffc2ae10000 - 0x00007ffc2ae1b000 	C:\Program Files\Android\Android Studio\jre\jre\bin\sunmscapi.dll
0x00007ffc35250000 - 0x00007ffc35399000 	C:\WINDOWS\System32\CRYPT32.dll
0x00007ffc34530000 - 0x00007ffc34542000 	C:\WINDOWS\System32\MSASN1.dll

VM Arguments:
jvm_args: -Xmx1536m -Dfile.encoding=windows-1252 -Duser.country=US -Duser.language=en -Duser.variant 
java_command: org.gradle.launcher.daemon.bootstrap.GradleDaemon 5.6.4
java_class_path (initial): C:\Users\Nikolin\.gradle\wrapper\dists\gradle-5.6.4-all\ankdp27end7byghfw1q2sw75f\gradle-5.6.4\lib\gradle-launcher-5.6.4.jar
Launcher Type: SUN_STANDARD

Environment Variables:
PATH=C:\Program Files (x86)\Common Files\Oracle\Java\javapath;C:\WINDOWS\system32;C:\WINDOWS;C:\WINDOWS\System32\Wbem;C:\WINDOWS\System32\WindowsPowerShell\v1.0\;C:\WINDOWS\System32\OpenSSH\;C:\Program Files (x86)\Microsoft SQL Server\150\DTS\Binn\;C:\Program Files\Microsoft SQL Server\Client SDK\ODBC\130\Tools\Binn\;C:\Program Files (x86)\Microsoft SQL Server\140\Tools\Binn\;C:\Program Files\Microsoft SQL Server\140\Tools\Binn\;C:\Program Files\Microsoft SQL Server\140\DTS\Binn\;C:\Program Files\Git\cmd;C:\Program Files\Git\mingw64\bin;C:\Program Files\Git\usr\bin;C:\Program Files\nodejs\;C:\xampp\php;C:\ProgramData\ComposerSetup\bin;C:\Users\Nikolin\AppData\Local\Microsoft\WindowsApps;;C:\Users\Nikolin\AppData\Local\Programs\Microsoft VS Code\bin;C:\Users\Nikolin\AppData\Roaming\npm;C:\Users\Nikolin\AppData\Roaming\Composer\vendor\bin
USERNAME=Nikolin
OS=Windows_NT
PROCESSOR_IDENTIFIER=Intel64 Family 6 Model 58 Stepping 9, GenuineIntel



---------------  S Y S T E M  ---------------

OS: Windows 10.0 , 64 bit Build 18362 (10.0.18362.329)

CPU:total 4 (initial active 4) (2 cores per cpu, 2 threads per core) family 6 model 58 stepping 9, cmov, cx8, fxsr, mmx, sse, sse2, sse3, ssse3, sse4.1, sse4.2, popcnt, avx, aes, clmul, erms, ht, tsc, tscinvbit, tscinv

Memory: 4k page, physical 8250460k(786592k free), swap 15760532k(8468k free)

vm_info: OpenJDK 64-Bit Server VM (25.212-b04) for windows-amd64 JRE (1.8.0_212-release-1586-b04), built by "builder" with MS VC++ 10.0 (VS2010)

time: Tue Apr 21 14:10:29 2020
timezone: Sri Lanka Standard Time
elapsed time: 3294 seconds (0d 0h 54m 54s)

